<?xml version="1.0" encoding="UTF-8"?>
<robot generator="Robot 3.2.1 (Python 3.7.8 on win32)" generated="20200702 13:43:23.803" rpa="false">
<suite id="s1" name="Acceptance Test" source="C:\Users\ashwi\OneDrive\Documents\hospital\Acceptance Test.robot">
<test id="s1-t1" name="test_login_logout">
<kw name="Goto Login Page">
<kw name="Open Browser" library="SeleniumLibrary">
<doc>Opens a new browser instance to the optional ``url``.</doc>
<arguments>
<arg>http://127.0.0.1:5000</arg>
<arg>chrome</arg>
</arguments>
<msg timestamp="20200702 13:43:23.987" level="INFO">Opening browser 'chrome' to base url 'http://127.0.0.1:5000'.</msg>
<status status="PASS" starttime="20200702 13:43:23.987" endtime="20200702 13:43:29.223"></status>
</kw>
<kw name="Maximize Browser Window" library="SeleniumLibrary">
<doc>Maximizes current browser window.</doc>
<status status="PASS" starttime="20200702 13:43:29.224" endtime="20200702 13:43:31.369"></status>
</kw>
<kw name="Input Text" library="SeleniumLibrary">
<doc>Types the given ``text`` into the text field identified by ``locator``.</doc>
<arguments>
<arg>name:username</arg>
<arg>${username}</arg>
</arguments>
<msg timestamp="20200702 13:43:31.372" level="INFO">Typing text 'ashwik' into text field 'name:username'.</msg>
<status status="PASS" starttime="20200702 13:43:31.370" endtime="20200702 13:43:31.550"></status>
</kw>
<kw name="Input Text" library="SeleniumLibrary">
<doc>Types the given ``text`` into the text field identified by ``locator``.</doc>
<arguments>
<arg>name:password</arg>
<arg>${password}</arg>
</arguments>
<msg timestamp="20200702 13:43:31.551" level="INFO">Typing text 'ashwik' into text field 'name:password'.</msg>
<status status="PASS" starttime="20200702 13:43:31.550" endtime="20200702 13:43:31.668"></status>
</kw>
<kw name="Click Button" library="SeleniumLibrary">
<doc>Clicks the button identified by ``locator``.</doc>
<arguments>
<arg>Login</arg>
</arguments>
<msg timestamp="20200702 13:43:31.668" level="INFO">Clicking button 'Login'.</msg>
<status status="PASS" starttime="20200702 13:43:31.668" endtime="20200702 13:43:32.188"></status>
</kw>
<kw name="Title Should Be" library="SeleniumLibrary">
<doc>Verifies that the current page title equals ``title``.</doc>
<arguments>
<arg>Hospital Management</arg>
</arguments>
<msg timestamp="20200702 13:43:32.196" level="INFO">Page title is 'Hospital Management'.</msg>
<status status="PASS" starttime="20200702 13:43:32.188" endtime="20200702 13:43:32.196"></status>
</kw>
<status status="PASS" starttime="20200702 13:43:23.987" endtime="20200702 13:43:32.197"></status>
</kw>
<kw name="Sleep" library="BuiltIn">
<doc>Pauses the test executed for the given time.</doc>
<arguments>
<arg>2s</arg>
</arguments>
<msg timestamp="20200702 13:43:34.199" level="INFO">Slept 2 seconds</msg>
<status status="PASS" starttime="20200702 13:43:32.198" endtime="20200702 13:43:34.199"></status>
</kw>
<kw name="Click Link" library="SeleniumLibrary">
<doc>Clicks a link identified by ``locator``.</doc>
<arguments>
<arg>Logout</arg>
</arguments>
<msg timestamp="20200702 13:43:34.201" level="INFO">Clicking link 'Logout'.</msg>
<status status="PASS" starttime="20200702 13:43:34.200" endtime="20200702 13:43:34.327"></status>
</kw>
<kw name="Close Browser" library="SeleniumLibrary">
<doc>Closes the current browser.</doc>
<status status="PASS" starttime="20200702 13:43:34.328" endtime="20200702 13:43:37.527"></status>
</kw>
<status status="PASS" starttime="20200702 13:43:23.986" endtime="20200702 13:43:37.529" critical="yes"></status>
</test>
<test id="s1-t2" name="test_view_patient">
<kw name="Goto Login Page">
<kw name="Open Browser" library="SeleniumLibrary">
<doc>Opens a new browser instance to the optional ``url``.</doc>
<arguments>
<arg>http://127.0.0.1:5000</arg>
<arg>chrome</arg>
</arguments>
<msg timestamp="20200702 13:43:37.546" level="INFO">Opening browser 'chrome' to base url 'http://127.0.0.1:5000'.</msg>
<status status="PASS" starttime="20200702 13:43:37.546" endtime="20200702 13:43:42.148"></status>
</kw>
<kw name="Maximize Browser Window" library="SeleniumLibrary">
<doc>Maximizes current browser window.</doc>
<status status="PASS" starttime="20200702 13:43:42.149" endtime="20200702 13:43:44.304"></status>
</kw>
<kw name="Input Text" library="SeleniumLibrary">
<doc>Types the given ``text`` into the text field identified by ``locator``.</doc>
<arguments>
<arg>name:username</arg>
<arg>${username}</arg>
</arguments>
<msg timestamp="20200702 13:43:44.308" level="INFO">Typing text 'ashwik' into text field 'name:username'.</msg>
<status status="PASS" starttime="20200702 13:43:44.305" endtime="20200702 13:43:44.497"></status>
</kw>
<kw name="Input Text" library="SeleniumLibrary">
<doc>Types the given ``text`` into the text field identified by ``locator``.</doc>
<arguments>
<arg>name:password</arg>
<arg>${password}</arg>
</arguments>
<msg timestamp="20200702 13:43:44.498" level="INFO">Typing text 'ashwik' into text field 'name:password'.</msg>
<status status="PASS" starttime="20200702 13:43:44.497" endtime="20200702 13:43:44.586"></status>
</kw>
<kw name="Click Button" library="SeleniumLibrary">
<doc>Clicks the button identified by ``locator``.</doc>
<arguments>
<arg>Login</arg>
</arguments>
<msg timestamp="20200702 13:43:44.586" level="INFO">Clicking button 'Login'.</msg>
<status status="PASS" starttime="20200702 13:43:44.586" endtime="20200702 13:43:44.899"></status>
</kw>
<kw name="Title Should Be" library="SeleniumLibrary">
<doc>Verifies that the current page title equals ``title``.</doc>
<arguments>
<arg>Hospital Management</arg>
</arguments>
<msg timestamp="20200702 13:43:44.910" level="INFO">Page title is 'Hospital Management'.</msg>
<status status="PASS" starttime="20200702 13:43:44.899" endtime="20200702 13:43:44.911"></status>
</kw>
<status status="PASS" starttime="20200702 13:43:37.544" endtime="20200702 13:43:44.911"></status>
</kw>
<kw name="Click Link" library="SeleniumLibrary">
<doc>Clicks a link identified by ``locator``.</doc>
<arguments>
<arg>Patient</arg>
</arguments>
<msg timestamp="20200702 13:43:44.912" level="INFO">Clicking link 'Patient'.</msg>
<status status="PASS" starttime="20200702 13:43:44.912" endtime="20200702 13:43:44.981"></status>
</kw>
<kw name="Click Link" library="SeleniumLibrary">
<doc>Clicks a link identified by ``locator``.</doc>
<arguments>
<arg>view</arg>
</arguments>
<msg timestamp="20200702 13:43:44.982" level="INFO">Clicking link 'view'.</msg>
<status status="PASS" starttime="20200702 13:43:44.982" endtime="20200702 13:43:45.059"></status>
</kw>
<kw name="Set Selenium Speed" library="SeleniumLibrary">
<doc>Sets the delay that is waited after each Selenium command.</doc>
<arguments>
<arg>0.2s</arg>
</arguments>
<status status="PASS" starttime="20200702 13:43:45.059" endtime="20200702 13:43:45.060"></status>
</kw>
<kw name="Click Link" library="SeleniumLibrary">
<doc>Clicks a link identified by ``locator``.</doc>
<arguments>
<arg>Patient</arg>
</arguments>
<msg timestamp="20200702 13:43:45.060" level="INFO">Clicking link 'Patient'.</msg>
<status status="PASS" starttime="20200702 13:43:45.060" endtime="20200702 13:43:45.757"></status>
</kw>
<kw name="Click Link" library="SeleniumLibrary">
<doc>Clicks a link identified by ``locator``.</doc>
<arguments>
<arg>view</arg>
</arguments>
<msg timestamp="20200702 13:43:45.758" level="INFO">Clicking link 'view'.</msg>
<status status="PASS" starttime="20200702 13:43:45.758" endtime="20200702 13:43:46.586"></status>
</kw>
<kw name="Sleep" library="BuiltIn">
<doc>Pauses the test executed for the given time.</doc>
<arguments>
<arg>0.5s</arg>
</arguments>
<msg timestamp="20200702 13:43:47.090" level="INFO">Slept 500 milliseconds</msg>
<status status="PASS" starttime="20200702 13:43:46.588" endtime="20200702 13:43:47.090"></status>
</kw>
<kw name="Element Should Contain" library="SeleniumLibrary">
<doc>Verifies that element ``locator`` contains text ``expected``.</doc>
<arguments>
<arg>id:tt</arg>
<arg>Patient SSN ID</arg>
</arguments>
<msg timestamp="20200702 13:43:47.526" level="INFO">Element 'id:tt' contains text 'Patient SSN ID'.</msg>
<status status="PASS" starttime="20200702 13:43:47.091" endtime="20200702 13:43:47.526"></status>
</kw>
<kw name="Sleep" library="BuiltIn">
<doc>Pauses the test executed for the given time.</doc>
<arguments>
<arg>1s</arg>
</arguments>
<msg timestamp="20200702 13:43:48.529" level="INFO">Slept 1 second</msg>
<status status="PASS" starttime="20200702 13:43:47.527" endtime="20200702 13:43:48.529"></status>
</kw>
<kw name="Click Link" library="SeleniumLibrary">
<doc>Clicks a link identified by ``locator``.</doc>
<arguments>
<arg>Logout</arg>
</arguments>
<msg timestamp="20200702 13:43:48.530" level="INFO">Clicking link 'Logout'.</msg>
<status status="PASS" starttime="20200702 13:43:48.530" endtime="20200702 13:43:50.037"></status>
</kw>
<kw name="Close Browser" library="SeleniumLibrary">
<doc>Closes the current browser.</doc>
<status status="PASS" starttime="20200702 13:43:50.037" endtime="20200702 13:43:52.413"></status>
</kw>
<status status="PASS" starttime="20200702 13:43:37.542" endtime="20200702 13:43:52.415" critical="yes"></status>
</test>
<test id="s1-t3" name="test_update">
<kw name="Goto Login Page">
<kw name="Open Browser" library="SeleniumLibrary">
<doc>Opens a new browser instance to the optional ``url``.</doc>
<arguments>
<arg>http://127.0.0.1:5000</arg>
<arg>chrome</arg>
</arguments>
<msg timestamp="20200702 13:43:52.433" level="INFO">Opening browser 'chrome' to base url 'http://127.0.0.1:5000'.</msg>
<status status="PASS" starttime="20200702 13:43:52.432" endtime="20200702 13:43:57.167"></status>
</kw>
<kw name="Maximize Browser Window" library="SeleniumLibrary">
<doc>Maximizes current browser window.</doc>
<status status="PASS" starttime="20200702 13:43:57.168" endtime="20200702 13:43:59.538"></status>
</kw>
<kw name="Input Text" library="SeleniumLibrary">
<doc>Types the given ``text`` into the text field identified by ``locator``.</doc>
<arguments>
<arg>name:username</arg>
<arg>${username}</arg>
</arguments>
<msg timestamp="20200702 13:43:59.539" level="INFO">Typing text 'ashwik' into text field 'name:username'.</msg>
<status status="PASS" starttime="20200702 13:43:59.538" endtime="20200702 13:44:00.320"></status>
</kw>
<kw name="Input Text" library="SeleniumLibrary">
<doc>Types the given ``text`` into the text field identified by ``locator``.</doc>
<arguments>
<arg>name:password</arg>
<arg>${password}</arg>
</arguments>
<msg timestamp="20200702 13:44:00.322" level="INFO">Typing text 'ashwik' into text field 'name:password'.</msg>
<status status="PASS" starttime="20200702 13:44:00.321" endtime="20200702 13:44:01.137"></status>
</kw>
<kw name="Click Button" library="SeleniumLibrary">
<doc>Clicks the button identified by ``locator``.</doc>
<arguments>
<arg>Login</arg>
</arguments>
<msg timestamp="20200702 13:44:01.137" level="INFO">Clicking button 'Login'.</msg>
<status status="PASS" starttime="20200702 13:44:01.137" endtime="20200702 13:44:02.104"></status>
</kw>
<kw name="Title Should Be" library="SeleniumLibrary">
<doc>Verifies that the current page title equals ``title``.</doc>
<arguments>
<arg>Hospital Management</arg>
</arguments>
<msg timestamp="20200702 13:44:02.324" level="INFO">Page title is 'Hospital Management'.</msg>
<status status="PASS" starttime="20200702 13:44:02.104" endtime="20200702 13:44:02.324"></status>
</kw>
<status status="PASS" starttime="20200702 13:43:52.431" endtime="20200702 13:44:02.324"></status>
</kw>
<kw name="Click Link" library="SeleniumLibrary">
<doc>Clicks a link identified by ``locator``.</doc>
<arguments>
<arg>Patient</arg>
</arguments>
<msg timestamp="20200702 13:44:02.325" level="INFO">Clicking link 'Patient'.</msg>
<status status="PASS" starttime="20200702 13:44:02.325" endtime="20200702 13:44:02.990"></status>
</kw>
<kw name="Click Link" library="SeleniumLibrary">
<doc>Clicks a link identified by ``locator``.</doc>
<arguments>
<arg>update</arg>
</arguments>
<msg timestamp="20200702 13:44:02.991" level="INFO">Clicking link 'update'.</msg>
<status status="PASS" starttime="20200702 13:44:02.990" endtime="20200702 13:44:04.499"></status>
</kw>
<kw name="Set Selenium Speed" library="SeleniumLibrary">
<doc>Sets the delay that is waited after each Selenium command.</doc>
<arguments>
<arg>0.2s</arg>
</arguments>
<status status="PASS" starttime="20200702 13:44:04.500" endtime="20200702 13:44:04.500"></status>
</kw>
<kw name="Sleep" library="BuiltIn">
<doc>Pauses the test executed for the given time.</doc>
<arguments>
<arg>1s</arg>
</arguments>
<msg timestamp="20200702 13:44:05.503" level="INFO">Slept 1 second</msg>
<status status="PASS" starttime="20200702 13:44:04.501" endtime="20200702 13:44:05.503"></status>
</kw>
<kw name="Click Link" library="SeleniumLibrary">
<doc>Clicks a link identified by ``locator``.</doc>
<arguments>
<arg>Patient</arg>
</arguments>
<msg timestamp="20200702 13:44:05.504" level="INFO">Clicking link 'Patient'.</msg>
<status status="PASS" starttime="20200702 13:44:05.504" endtime="20200702 13:44:06.165"></status>
</kw>
<kw name="Click Link" library="SeleniumLibrary">
<doc>Clicks a link identified by ``locator``.</doc>
<arguments>
<arg>update</arg>
</arguments>
<msg timestamp="20200702 13:44:06.166" level="INFO">Clicking link 'update'.</msg>
<status status="PASS" starttime="20200702 13:44:06.166" endtime="20200702 13:44:06.929"></status>
</kw>
<kw name="Input Text" library="SeleniumLibrary">
<doc>Types the given ``text`` into the text field identified by ``locator``.</doc>
<arguments>
<arg>name:pid</arg>
<arg>${pid}</arg>
</arguments>
<msg timestamp="20200702 13:44:06.932" level="INFO">Typing text '123456789' into text field 'name:pid'.</msg>
<status status="PASS" starttime="20200702 13:44:06.930" endtime="20200702 13:44:07.762"></status>
</kw>
<kw name="Click Button" library="SeleniumLibrary">
<doc>Clicks the button identified by ``locator``.</doc>
<arguments>
<arg>get</arg>
</arguments>
<msg timestamp="20200702 13:44:07.765" level="INFO">Clicking button 'get'.</msg>
<status status="PASS" starttime="20200702 13:44:07.764" endtime="20200702 13:44:08.823"></status>
</kw>
<kw name="Input Text" library="SeleniumLibrary">
<doc>Types the given ``text`` into the text field identified by ``locator``.</doc>
<arguments>
<arg>name:name</arg>
<arg>dummy name</arg>
</arguments>
<msg timestamp="20200702 13:44:08.827" level="INFO">Typing text 'dummy name' into text field 'name:name'.</msg>
<status status="PASS" starttime="20200702 13:44:08.826" endtime="20200702 13:44:09.626"></status>
</kw>
<kw name="Execute Javascript" library="SeleniumLibrary">
<doc>Executes the given JavaScript code with possible arguments.</doc>
<arguments>
<arg>location.href = "#address"</arg>
</arguments>
<msg timestamp="20200702 13:44:09.629" level="INFO">Executing JavaScript:
location.href = "#address"
Without any arguments.</msg>
<status status="PASS" starttime="20200702 13:44:09.627" endtime="20200702 13:44:09.860"></status>
</kw>
<kw name="Input Text" library="SeleniumLibrary">
<doc>Types the given ``text`` into the text field identified by ``locator``.</doc>
<arguments>
<arg>name:address</arg>
<arg>Sainikpuri</arg>
</arguments>
<msg timestamp="20200702 13:44:09.862" level="INFO">Typing text 'Sainikpuri' into text field 'name:address'.</msg>
<status status="PASS" starttime="20200702 13:44:09.862" endtime="20200702 13:44:10.661"></status>
</kw>
<kw name="Execute Javascript" library="SeleniumLibrary">
<doc>Executes the given JavaScript code with possible arguments.</doc>
<arguments>
<arg>location.href = "#submit"</arg>
</arguments>
<msg timestamp="20200702 13:44:10.666" level="INFO">Executing JavaScript:
location.href = "#submit"
Without any arguments.</msg>
<status status="PASS" starttime="20200702 13:44:10.664" endtime="20200702 13:44:10.910"></status>
</kw>
<kw name="Click Button" library="SeleniumLibrary">
<doc>Clicks the button identified by ``locator``.</doc>
<arguments>
<arg>Update</arg>
</arguments>
<msg timestamp="20200702 13:44:10.914" level="INFO">Clicking button 'Update'.</msg>
<status status="PASS" starttime="20200702 13:44:10.913" endtime="20200702 13:44:11.774"></status>
</kw>
<kw name="Click Link" library="SeleniumLibrary">
<doc>Clicks a link identified by ``locator``.</doc>
<arguments>
<arg>Logout</arg>
</arguments>
<msg timestamp="20200702 13:44:11.776" level="INFO">Clicking link 'Logout'.</msg>
<status status="PASS" starttime="20200702 13:44:11.775" endtime="20200702 13:44:12.553"></status>
</kw>
<kw name="Close Browser" library="SeleniumLibrary">
<doc>Closes the current browser.</doc>
<status status="PASS" starttime="20200702 13:44:12.555" endtime="20200702 13:44:14.916"></status>
</kw>
<status status="PASS" starttime="20200702 13:43:52.428" endtime="20200702 13:44:14.918" critical="yes"></status>
</test>
<test id="s1-t4" name="test_search_patient">
<kw name="Goto Login Page">
<kw name="Open Browser" library="SeleniumLibrary">
<doc>Opens a new browser instance to the optional ``url``.</doc>
<arguments>
<arg>http://127.0.0.1:5000</arg>
<arg>chrome</arg>
</arguments>
<msg timestamp="20200702 13:44:14.930" level="INFO">Opening browser 'chrome' to base url 'http://127.0.0.1:5000'.</msg>
<status status="PASS" starttime="20200702 13:44:14.929" endtime="20200702 13:44:19.171"></status>
</kw>
<kw name="Maximize Browser Window" library="SeleniumLibrary">
<doc>Maximizes current browser window.</doc>
<status status="PASS" starttime="20200702 13:44:19.172" endtime="20200702 13:44:21.503"></status>
</kw>
<kw name="Input Text" library="SeleniumLibrary">
<doc>Types the given ``text`` into the text field identified by ``locator``.</doc>
<arguments>
<arg>name:username</arg>
<arg>${username}</arg>
</arguments>
<msg timestamp="20200702 13:44:21.503" level="INFO">Typing text 'ashwik' into text field 'name:username'.</msg>
<status status="PASS" starttime="20200702 13:44:21.503" endtime="20200702 13:44:22.209"></status>
</kw>
<kw name="Input Text" library="SeleniumLibrary">
<doc>Types the given ``text`` into the text field identified by ``locator``.</doc>
<arguments>
<arg>name:password</arg>
<arg>${password}</arg>
</arguments>
<msg timestamp="20200702 13:44:22.209" level="INFO">Typing text 'ashwik' into text field 'name:password'.</msg>
<status status="PASS" starttime="20200702 13:44:22.209" endtime="20200702 13:44:22.909"></status>
</kw>
<kw name="Click Button" library="SeleniumLibrary">
<doc>Clicks the button identified by ``locator``.</doc>
<arguments>
<arg>Login</arg>
</arguments>
<msg timestamp="20200702 13:44:22.909" level="INFO">Clicking button 'Login'.</msg>
<status status="PASS" starttime="20200702 13:44:22.909" endtime="20200702 13:44:23.821"></status>
</kw>
<kw name="Title Should Be" library="SeleniumLibrary">
<doc>Verifies that the current page title equals ``title``.</doc>
<arguments>
<arg>Hospital Management</arg>
</arguments>
<msg timestamp="20200702 13:44:24.028" level="INFO">Page title is 'Hospital Management'.</msg>
<status status="PASS" starttime="20200702 13:44:23.821" endtime="20200702 13:44:24.028"></status>
</kw>
<status status="PASS" starttime="20200702 13:44:14.928" endtime="20200702 13:44:24.028"></status>
</kw>
<kw name="Click Link" library="SeleniumLibrary">
<doc>Clicks a link identified by ``locator``.</doc>
<arguments>
<arg>Patient</arg>
</arguments>
<msg timestamp="20200702 13:44:24.029" level="INFO">Clicking link 'Patient'.</msg>
<status status="PASS" starttime="20200702 13:44:24.029" endtime="20200702 13:44:24.707"></status>
</kw>
<kw name="Click Link" library="SeleniumLibrary">
<doc>Clicks a link identified by ``locator``.</doc>
<arguments>
<arg>search</arg>
</arguments>
<msg timestamp="20200702 13:44:24.709" level="INFO">Clicking link 'search'.</msg>
<status status="PASS" starttime="20200702 13:44:24.708" endtime="20200702 13:44:25.489"></status>
</kw>
<kw name="Set Selenium Speed" library="SeleniumLibrary">
<doc>Sets the delay that is waited after each Selenium command.</doc>
<arguments>
<arg>0.2s</arg>
</arguments>
<status status="PASS" starttime="20200702 13:44:25.492" endtime="20200702 13:44:25.493"></status>
</kw>
<kw name="Click Link" library="SeleniumLibrary">
<doc>Clicks a link identified by ``locator``.</doc>
<arguments>
<arg>Patient</arg>
</arguments>
<msg timestamp="20200702 13:44:25.495" level="INFO">Clicking link 'Patient'.</msg>
<status status="PASS" starttime="20200702 13:44:25.494" endtime="20200702 13:44:26.223"></status>
</kw>
<kw name="Click Link" library="SeleniumLibrary">
<doc>Clicks a link identified by ``locator``.</doc>
<arguments>
<arg>search</arg>
</arguments>
<msg timestamp="20200702 13:44:26.225" level="INFO">Clicking link 'search'.</msg>
<status status="PASS" starttime="20200702 13:44:26.225" endtime="20200702 13:44:27.045"></status>
</kw>
<kw name="Input Text" library="SeleniumLibrary">
<doc>Types the given ``text`` into the text field identified by ``locator``.</doc>
<arguments>
<arg>name:pid</arg>
<arg>${pid}</arg>
</arguments>
<msg timestamp="20200702 13:44:27.048" level="INFO">Typing text '123456789' into text field 'name:pid'.</msg>
<status status="PASS" starttime="20200702 13:44:27.047" endtime="20200702 13:44:27.813"></status>
</kw>
<kw name="Click Button" library="SeleniumLibrary">
<doc>Clicks the button identified by ``locator``.</doc>
<arguments>
<arg>get</arg>
</arguments>
<msg timestamp="20200702 13:44:27.815" level="INFO">Clicking button 'get'.</msg>
<status status="PASS" starttime="20200702 13:44:27.815" endtime="20200702 13:44:28.862"></status>
</kw>
<kw name="Sleep" library="BuiltIn">
<doc>Pauses the test executed for the given time.</doc>
<arguments>
<arg>1s</arg>
</arguments>
<msg timestamp="20200702 13:44:29.866" level="INFO">Slept 1 second</msg>
<status status="PASS" starttime="20200702 13:44:28.864" endtime="20200702 13:44:29.866"></status>
</kw>
<kw name="Click Link" library="SeleniumLibrary">
<doc>Clicks a link identified by ``locator``.</doc>
<arguments>
<arg>Logout</arg>
</arguments>
<msg timestamp="20200702 13:44:29.867" level="INFO">Clicking link 'Logout'.</msg>
<status status="PASS" starttime="20200702 13:44:29.867" endtime="20200702 13:44:30.658"></status>
</kw>
<kw name="Close Browser" library="SeleniumLibrary">
<doc>Closes the current browser.</doc>
<status status="PASS" starttime="20200702 13:44:30.659" endtime="20200702 13:44:33.073"></status>
</kw>
<status status="PASS" starttime="20200702 13:44:14.925" endtime="20200702 13:44:33.075" critical="yes"></status>
</test>
<test id="s1-t5" name="test_pharmacy">
<kw name="Goto Login Page">
<kw name="Open Browser" library="SeleniumLibrary">
<doc>Opens a new browser instance to the optional ``url``.</doc>
<arguments>
<arg>http://127.0.0.1:5000</arg>
<arg>chrome</arg>
</arguments>
<msg timestamp="20200702 13:44:33.087" level="INFO">Opening browser 'chrome' to base url 'http://127.0.0.1:5000'.</msg>
<status status="PASS" starttime="20200702 13:44:33.086" endtime="20200702 13:44:37.433"></status>
</kw>
<kw name="Maximize Browser Window" library="SeleniumLibrary">
<doc>Maximizes current browser window.</doc>
<status status="PASS" starttime="20200702 13:44:37.434" endtime="20200702 13:44:39.792"></status>
</kw>
<kw name="Input Text" library="SeleniumLibrary">
<doc>Types the given ``text`` into the text field identified by ``locator``.</doc>
<arguments>
<arg>name:username</arg>
<arg>${username}</arg>
</arguments>
<msg timestamp="20200702 13:44:39.792" level="INFO">Typing text 'ashwik' into text field 'name:username'.</msg>
<status status="PASS" starttime="20200702 13:44:39.792" endtime="20200702 13:44:40.559"></status>
</kw>
<kw name="Input Text" library="SeleniumLibrary">
<doc>Types the given ``text`` into the text field identified by ``locator``.</doc>
<arguments>
<arg>name:password</arg>
<arg>${password}</arg>
</arguments>
<msg timestamp="20200702 13:44:40.561" level="INFO">Typing text 'ashwik' into text field 'name:password'.</msg>
<status status="PASS" starttime="20200702 13:44:40.560" endtime="20200702 13:44:41.342"></status>
</kw>
<kw name="Click Button" library="SeleniumLibrary">
<doc>Clicks the button identified by ``locator``.</doc>
<arguments>
<arg>Login</arg>
</arguments>
<msg timestamp="20200702 13:44:41.344" level="INFO">Clicking button 'Login'.</msg>
<status status="PASS" starttime="20200702 13:44:41.343" endtime="20200702 13:44:42.349"></status>
</kw>
<kw name="Title Should Be" library="SeleniumLibrary">
<doc>Verifies that the current page title equals ``title``.</doc>
<arguments>
<arg>Hospital Management</arg>
</arguments>
<msg timestamp="20200702 13:44:42.567" level="INFO">Page title is 'Hospital Management'.</msg>
<status status="PASS" starttime="20200702 13:44:42.349" endtime="20200702 13:44:42.567"></status>
</kw>
<status status="PASS" starttime="20200702 13:44:33.086" endtime="20200702 13:44:42.568"></status>
</kw>
<kw name="Click Link" library="SeleniumLibrary">
<doc>Clicks a link identified by ``locator``.</doc>
<arguments>
<arg>Pharmacy</arg>
</arguments>
<msg timestamp="20200702 13:44:42.571" level="INFO">Clicking link 'Pharmacy'.</msg>
<status status="PASS" starttime="20200702 13:44:42.570" endtime="20200702 13:44:43.266"></status>
</kw>
<kw name="Click Link" library="SeleniumLibrary">
<doc>Clicks a link identified by ``locator``.</doc>
<arguments>
<arg>Issue medicines to patient</arg>
</arguments>
<msg timestamp="20200702 13:44:43.267" level="INFO">Clicking link 'Issue medicines to patient'.</msg>
<status status="PASS" starttime="20200702 13:44:43.267" endtime="20200702 13:44:44.039"></status>
</kw>
<kw name="Set Selenium Speed" library="SeleniumLibrary">
<doc>Sets the delay that is waited after each Selenium command.</doc>
<arguments>
<arg>0.2s</arg>
</arguments>
<status status="PASS" starttime="20200702 13:44:44.040" endtime="20200702 13:44:44.041"></status>
</kw>
<kw name="Click Link" library="SeleniumLibrary">
<doc>Clicks a link identified by ``locator``.</doc>
<arguments>
<arg>Pharmacy</arg>
</arguments>
<msg timestamp="20200702 13:44:44.041" level="INFO">Clicking link 'Pharmacy'.</msg>
<status status="PASS" starttime="20200702 13:44:44.041" endtime="20200702 13:44:44.770"></status>
</kw>
<kw name="Click Link" library="SeleniumLibrary">
<doc>Clicks a link identified by ``locator``.</doc>
<arguments>
<arg>Issue medicines to patient</arg>
</arguments>
<msg timestamp="20200702 13:44:44.771" level="INFO">Clicking link 'Issue medicines to patient'.</msg>
<status status="PASS" starttime="20200702 13:44:44.771" endtime="20200702 13:44:45.594"></status>
</kw>
<kw name="Input Text" library="SeleniumLibrary">
<doc>Types the given ``text`` into the text field identified by ``locator``.</doc>
<arguments>
<arg>name:pid</arg>
<arg>${pid}</arg>
</arguments>
<msg timestamp="20200702 13:44:45.597" level="INFO">Typing text '123456789' into text field 'name:pid'.</msg>
<status status="PASS" starttime="20200702 13:44:45.596" endtime="20200702 13:44:46.333"></status>
</kw>
<kw name="Click Button" library="SeleniumLibrary">
<doc>Clicks the button identified by ``locator``.</doc>
<arguments>
<arg>get</arg>
</arguments>
<msg timestamp="20200702 13:44:46.334" level="INFO">Clicking button 'get'.</msg>
<status status="PASS" starttime="20200702 13:44:46.334" endtime="20200702 13:44:47.302"></status>
</kw>
<kw name="Sleep" library="BuiltIn">
<doc>Pauses the test executed for the given time.</doc>
<arguments>
<arg>0.5s</arg>
</arguments>
<msg timestamp="20200702 13:44:47.805" level="INFO">Slept 500 milliseconds</msg>
<status status="PASS" starttime="20200702 13:44:47.303" endtime="20200702 13:44:47.805"></status>
</kw>
<kw name="Click Button" library="SeleniumLibrary">
<doc>Clicks the button identified by ``locator``.</doc>
<arguments>
<arg>Issue Medicines</arg>
</arguments>
<msg timestamp="20200702 13:44:47.806" level="INFO">Clicking button 'Issue Medicines'.</msg>
<status status="PASS" starttime="20200702 13:44:47.806" endtime="20200702 13:44:48.582"></status>
</kw>
<kw name="Input Text" library="SeleniumLibrary">
<doc>Types the given ``text`` into the text field identified by ``locator``.</doc>
<arguments>
<arg>name:name</arg>
<arg>dolo</arg>
</arguments>
<msg timestamp="20200702 13:44:48.583" level="INFO">Typing text 'dolo' into text field 'name:name'.</msg>
<status status="PASS" starttime="20200702 13:44:48.583" endtime="20200702 13:44:49.277"></status>
</kw>
<kw name="Input Text" library="SeleniumLibrary">
<doc>Types the given ``text`` into the text field identified by ``locator``.</doc>
<arguments>
<arg>name:qty</arg>
<arg>5</arg>
</arguments>
<msg timestamp="20200702 13:44:49.278" level="INFO">Typing text '5' into text field 'name:qty'.</msg>
<status status="PASS" starttime="20200702 13:44:49.278" endtime="20200702 13:44:49.957"></status>
</kw>
<kw name="Click Button" library="SeleniumLibrary">
<doc>Clicks the button identified by ``locator``.</doc>
<arguments>
<arg>Add medicine</arg>
</arguments>
<msg timestamp="20200702 13:44:49.959" level="INFO">Clicking button 'Add medicine'.</msg>
<status status="PASS" starttime="20200702 13:44:49.959" endtime="20200702 13:44:50.732"></status>
</kw>
<kw name="Execute Javascript" library="SeleniumLibrary">
<doc>Executes the given JavaScript code with possible arguments.</doc>
<arguments>
<arg>location.href = "#update"</arg>
</arguments>
<msg timestamp="20200702 13:44:50.736" level="INFO">Executing JavaScript:
location.href = "#update"
Without any arguments.</msg>
<status status="PASS" starttime="20200702 13:44:50.735" endtime="20200702 13:44:50.975"></status>
</kw>
<kw name="Click Button" library="SeleniumLibrary">
<doc>Clicks the button identified by ``locator``.</doc>
<arguments>
<arg>Buy medicines</arg>
</arguments>
<msg timestamp="20200702 13:44:50.977" level="INFO">Clicking button 'Buy medicines'.</msg>
<status status="PASS" starttime="20200702 13:44:50.977" endtime="20200702 13:44:51.795"></status>
</kw>
<kw name="Sleep" library="BuiltIn">
<doc>Pauses the test executed for the given time.</doc>
<arguments>
<arg>1s</arg>
</arguments>
<msg timestamp="20200702 13:44:52.801" level="INFO">Slept 1 second</msg>
<status status="PASS" starttime="20200702 13:44:51.798" endtime="20200702 13:44:52.801"></status>
</kw>
<kw name="Close Browser" library="SeleniumLibrary">
<doc>Closes the current browser.</doc>
<status status="PASS" starttime="20200702 13:44:52.803" endtime="20200702 13:44:55.222"></status>
</kw>
<status status="PASS" starttime="20200702 13:44:33.084" endtime="20200702 13:44:55.225" critical="yes"></status>
</test>
<test id="s1-t6" name="test_delete">
<kw name="Goto Login Page">
<kw name="Open Browser" library="SeleniumLibrary">
<doc>Opens a new browser instance to the optional ``url``.</doc>
<arguments>
<arg>http://127.0.0.1:5000</arg>
<arg>chrome</arg>
</arguments>
<msg timestamp="20200702 13:44:55.239" level="INFO">Opening browser 'chrome' to base url 'http://127.0.0.1:5000'.</msg>
<status status="PASS" starttime="20200702 13:44:55.238" endtime="20200702 13:45:02.096"></status>
</kw>
<kw name="Maximize Browser Window" library="SeleniumLibrary">
<doc>Maximizes current browser window.</doc>
<status status="PASS" starttime="20200702 13:45:02.096" endtime="20200702 13:45:04.429"></status>
</kw>
<kw name="Input Text" library="SeleniumLibrary">
<doc>Types the given ``text`` into the text field identified by ``locator``.</doc>
<arguments>
<arg>name:username</arg>
<arg>${username}</arg>
</arguments>
<msg timestamp="20200702 13:45:04.430" level="INFO">Typing text 'ashwik' into text field 'name:username'.</msg>
<status status="PASS" starttime="20200702 13:45:04.429" endtime="20200702 13:45:05.213"></status>
</kw>
<kw name="Input Text" library="SeleniumLibrary">
<doc>Types the given ``text`` into the text field identified by ``locator``.</doc>
<arguments>
<arg>name:password</arg>
<arg>${password}</arg>
</arguments>
<msg timestamp="20200702 13:45:05.213" level="INFO">Typing text 'ashwik' into text field 'name:password'.</msg>
<status status="PASS" starttime="20200702 13:45:05.213" endtime="20200702 13:45:05.978"></status>
</kw>
<kw name="Click Button" library="SeleniumLibrary">
<doc>Clicks the button identified by ``locator``.</doc>
<arguments>
<arg>Login</arg>
</arguments>
<msg timestamp="20200702 13:45:05.980" level="INFO">Clicking button 'Login'.</msg>
<status status="PASS" starttime="20200702 13:45:05.978" endtime="20200702 13:45:06.992"></status>
</kw>
<kw name="Title Should Be" library="SeleniumLibrary">
<doc>Verifies that the current page title equals ``title``.</doc>
<arguments>
<arg>Hospital Management</arg>
</arguments>
<msg timestamp="20200702 13:45:07.210" level="INFO">Page title is 'Hospital Management'.</msg>
<status status="PASS" starttime="20200702 13:45:06.992" endtime="20200702 13:45:07.210"></status>
</kw>
<status status="PASS" starttime="20200702 13:44:55.237" endtime="20200702 13:45:07.210"></status>
</kw>
<kw name="Click Link" library="SeleniumLibrary">
<doc>Clicks a link identified by ``locator``.</doc>
<arguments>
<arg>Patient</arg>
</arguments>
<msg timestamp="20200702 13:45:07.212" level="INFO">Clicking link 'Patient'.</msg>
<status status="PASS" starttime="20200702 13:45:07.211" endtime="20200702 13:45:07.876"></status>
</kw>
<kw name="Click Link" library="SeleniumLibrary">
<doc>Clicks a link identified by ``locator``.</doc>
<arguments>
<arg>delete</arg>
</arguments>
<msg timestamp="20200702 13:45:07.878" level="INFO">Clicking link 'delete'.</msg>
<status status="PASS" starttime="20200702 13:45:07.877" endtime="20200702 13:45:08.652"></status>
</kw>
<kw name="Set Selenium Speed" library="SeleniumLibrary">
<doc>Sets the delay that is waited after each Selenium command.</doc>
<arguments>
<arg>0.2s</arg>
</arguments>
<status status="PASS" starttime="20200702 13:45:08.653" endtime="20200702 13:45:08.653"></status>
</kw>
<kw name="Sleep" library="BuiltIn">
<doc>Pauses the test executed for the given time.</doc>
<arguments>
<arg>1s</arg>
</arguments>
<msg timestamp="20200702 13:45:09.654" level="INFO">Slept 1 second</msg>
<status status="PASS" starttime="20200702 13:45:08.653" endtime="20200702 13:45:09.654"></status>
</kw>
<kw name="Click Link" library="SeleniumLibrary">
<doc>Clicks a link identified by ``locator``.</doc>
<arguments>
<arg>Patient</arg>
</arguments>
<msg timestamp="20200702 13:45:09.655" level="INFO">Clicking link 'Patient'.</msg>
<status status="PASS" starttime="20200702 13:45:09.655" endtime="20200702 13:45:10.312"></status>
</kw>
<kw name="Click Link" library="SeleniumLibrary">
<doc>Clicks a link identified by ``locator``.</doc>
<arguments>
<arg>delete</arg>
</arguments>
<msg timestamp="20200702 13:45:10.313" level="INFO">Clicking link 'delete'.</msg>
<status status="PASS" starttime="20200702 13:45:10.313" endtime="20200702 13:45:11.074"></status>
</kw>
<kw name="Input Text" library="SeleniumLibrary">
<doc>Types the given ``text`` into the text field identified by ``locator``.</doc>
<arguments>
<arg>name:pid</arg>
<arg>${pid}</arg>
</arguments>
<msg timestamp="20200702 13:45:11.074" level="INFO">Typing text '123456789' into text field 'name:pid'.</msg>
<status status="PASS" starttime="20200702 13:45:11.074" endtime="20200702 13:45:11.822"></status>
</kw>
<kw name="Click Button" library="SeleniumLibrary">
<doc>Clicks the button identified by ``locator``.</doc>
<arguments>
<arg>get</arg>
</arguments>
<msg timestamp="20200702 13:45:11.825" level="INFO">Clicking button 'get'.</msg>
<status status="PASS" starttime="20200702 13:45:11.824" endtime="20200702 13:45:12.870"></status>
</kw>
<kw name="Execute Javascript" library="SeleniumLibrary">
<doc>Executes the given JavaScript code with possible arguments.</doc>
<arguments>
<arg>location.href = "#submit"</arg>
</arguments>
<msg timestamp="20200702 13:45:12.873" level="INFO">Executing JavaScript:
location.href = "#submit"
Without any arguments.</msg>
<status status="PASS" starttime="20200702 13:45:12.872" endtime="20200702 13:45:13.101"></status>
</kw>
<kw name="Sleep" library="BuiltIn">
<doc>Pauses the test executed for the given time.</doc>
<arguments>
<arg>1s</arg>
</arguments>
<msg timestamp="20200702 13:45:14.105" level="INFO">Slept 1 second</msg>
<status status="PASS" starttime="20200702 13:45:13.103" endtime="20200702 13:45:14.105"></status>
</kw>
<kw name="Close Browser" library="SeleniumLibrary">
<doc>Closes the current browser.</doc>
<status status="PASS" starttime="20200702 13:45:14.106" endtime="20200702 13:45:16.441"></status>
</kw>
<status status="PASS" starttime="20200702 13:44:55.234" endtime="20200702 13:45:16.443" critical="yes"></status>
</test>
<status status="PASS" starttime="20200702 13:43:23.805" endtime="20200702 13:45:16.454"></status>
</suite>
<statistics>
<total>
<stat pass="6" fail="0">Critical Tests</stat>
<stat pass="6" fail="0">All Tests</stat>
</total>
<tag>
</tag>
<suite>
<stat pass="6" fail="0" id="s1" name="Acceptance Test">Acceptance Test</stat>
</suite>
</statistics>
<errors>
</errors>
</robot>
